[2025-03-02 14:16:35.240] (VCB inbound request)
<isomsg>
  <field id="0" value="0200"/>
  <field id="2" value="444444"/>
  <field id="3" value="432020"/>
  <field id="4" value="000000000000"/>
  <field id="11" value="930124"/>
  <field id="12" value="141635"/>
  <field id="13" value="0302"/>
  <field id="32" value="970402"/>
  <field id="100" value="970401"/>
  <field id="103" value="111111"/>
</isomsg>

[2025-03-02 14:16:35.250] (VCB inbound response)
<isomsg>
  <field id="0" value="0210"/>
  <field id="2" value="444444"/>
  <field id="3" value="432020"/>
  <field id="4" value="000000000000"/>
  <field id="11" value="930124"/>
  <field id="12" value="141635"/>
  <field id="13" value="0302"/>
  <field id="32" value="970402"/>
  <field id="39" value="00"/>
  <field id="100" value="970401"/>
  <field id="103" value="111111"/>
</isomsg>

[2025-03-13 17:56:34.755] (VCB inbound request)
<isomsg>
  <field id="0" value="0200"/>
  <field id="2" value="444444"/>
  <field id="3" value="432020"/>
  <field id="4" value="000000000000"/>
  <field id="11" value="066899"/>
  <field id="12" value="175634"/>
  <field id="13" value="0313"/>
  <field id="32" value="970402"/>
  <field id="100" value="970401"/>
  <field id="103" value="111111"/>
</isomsg>

[2025-03-13 17:56:34.762] (VCB inbound response)
<isomsg>
  <field id="0" value="0210"/>
  <field id="2" value="444444"/>
  <field id="3" value="432020"/>
  <field id="4" value="000000000000"/>
  <field id="11" value="066899"/>
  <field id="12" value="175634"/>
  <field id="13" value="0313"/>
  <field id="32" value="970402"/>
  <field id="39" value="00"/>
  <field id="100" value="970401"/>
  <field id="103" value="111111"/>
</isomsg>

