[2025-02-19 23:32:58.059] (VCB inbound request)
<isomsg>
  <field id="0" value="0200"/>
  <field id="2" value="888888"/>
  <field id="3" value="432020"/>
  <field id="4" value="000000000000"/>
  <field id="11" value="743067"/>
  <field id="12" value="233257"/>
  <field id="13" value="0219"/>
  <field id="32" value="970403"/>
  <field id="47" value="111111"/>
  <field id="100" value="970401"/>
</isomsg>

[2025-02-19 23:32:58.075] (VCB inbound response)
<isomsg>
  <field id="0" value="0210"/>
  <field id="2" value="888888"/>
  <field id="3" value="432020"/>
  <field id="4" value="000000000000"/>
  <field id="11" value="743067"/>
  <field id="12" value="233257"/>
  <field id="13" value="0219"/>
  <field id="32" value="970403"/>
  <field id="39" value="00"/>
  <field id="47" value="111111"/>
  <field id="100" value="970401"/>
</isomsg>

[2025-02-21 16:30:33.220] (VCB inbound request)
<isomsg>
  <field id="0" value="0200"/>
  <field id="2" value="888888"/>
  <field id="3" value="432020"/>
  <field id="4" value="000000000000"/>
  <field id="11" value="721362"/>
  <field id="12" value="163033"/>
  <field id="13" value="0221"/>
  <field id="32" value="970403"/>
  <field id="47" value="222222"/>
  <field id="100" value="970401"/>
</isomsg>

[2025-02-21 16:30:33.228] (VCB inbound response)
<isomsg>
  <field id="0" value="0210"/>
  <field id="2" value="888888"/>
  <field id="3" value="432020"/>
  <field id="4" value="000000000000"/>
  <field id="11" value="721362"/>
  <field id="12" value="163033"/>
  <field id="13" value="0221"/>
  <field id="32" value="970403"/>
  <field id="39" value="00"/>
  <field id="47" value="222222"/>
  <field id="100" value="970401"/>
</isomsg>

[2025-02-21 16:33:15.932] (VCB inbound request)
<isomsg>
  <field id="0" value="0200"/>
  <field id="2" value="888888"/>
  <field id="3" value="432020"/>
  <field id="4" value="000000000000"/>
  <field id="11" value="929746"/>
  <field id="12" value="163315"/>
  <field id="13" value="0221"/>
  <field id="32" value="970403"/>
  <field id="47" value="333333"/>
  <field id="100" value="970401"/>
</isomsg>

[2025-02-21 16:33:15.935] (VCB inbound response)
<isomsg>
  <field id="0" value="0210"/>
  <field id="2" value="888888"/>
  <field id="3" value="432020"/>
  <field id="4" value="000000000000"/>
  <field id="11" value="929746"/>
  <field id="12" value="163315"/>
  <field id="13" value="0221"/>
  <field id="32" value="970403"/>
  <field id="39" value="62"/>
  <field id="47" value="333333"/>
  <field id="100" value="970401"/>
</isomsg>

